[2026-02-07T19:47:20.008361] BUTTON CLICKED: compute_bias triggered
[2026-02-07T19:47:20.009329] Input text length: 101
[2026-02-07T19:47:20.009904] Starting loading UI...
[2026-02-07T19:47:20.118044] Loading UI active
[2026-02-07T19:47:20.118044] Retrieved model_name: bert-base-uncased
[2026-02-07T19:47:20.119992] Warning: bias_threshold input missing or invalid (). Using default 0.5
[2026-02-07T19:47:20.120501] Bias model key: gusnet-bert
[2026-02-07T19:47:20.120501] Entering ThreadPoolExecutor...
[2026-02-07T19:47:20.121516] Submitting heavy_bias_compute for Model A...
[2026-02-07T19:47:20.124252] Starting heavy_bias_compute (threshold=0.5, bias_model=gusnet-bert)
[2026-02-07T19:47:20.124850] Loading attention model bert-base-uncased...
[2026-02-07T19:47:25.729538] Model loaded. Device: cuda
[2026-02-07T19:47:25.730138] Tokenizing text...
[2026-02-07T19:47:25.732851] Running encoder inference...
[2026-02-07T19:47:26.123466] Got 20 tokens, 12 layers
[2026-02-07T19:47:26.123466] Initializing GusNetDetector (model_key=gusnet-bert)...
[2026-02-07T19:47:26.124369] Running detect_bias...
[2026-02-07T19:47:28.693833] GUS-Net returned 20 labels
[2026-02-07T19:47:28.695502] 1 spans detected
[2026-02-07T19:47:28.792986] Finished heavy_bias_compute successfully
[2026-02-07T19:47:28.795102] heavy_bias_compute A returned successfully
[2026-02-07T19:47:28.796627] Starting heavy_bias_compute B (gusnet-gpt2) for Compare Models
[2026-02-07T19:47:28.797134] Starting heavy_bias_compute (threshold=0.5, bias_model=gusnet-gpt2)
[2026-02-07T19:47:28.799149] Loading attention model bert-base-uncased...
[2026-02-07T19:47:28.800326] Model loaded. Device: cuda
[2026-02-07T19:47:28.800835] Tokenizing text...
[2026-02-07T19:47:28.803511] Running encoder inference...
[2026-02-07T19:47:28.850447] Got 20 tokens, 12 layers
[2026-02-07T19:47:28.851579] Initializing GusNetDetector (model_key=gusnet-gpt2)...
[2026-02-07T19:47:28.852738] Running detect_bias...
[2026-02-07T19:47:31.327442] GUS-Net returned 17 labels
[2026-02-07T19:47:31.327948] 4 spans detected
[2026-02-07T19:47:31.383529] Finished heavy_bias_compute successfully
[2026-02-07T19:47:31.384691] Stopping loading UI
[2026-02-07T19:51:16.384071] BUTTON CLICKED: compute_bias triggered
[2026-02-07T19:51:16.384848] Input text length: 101
[2026-02-07T19:51:16.385499] Starting loading UI...
[2026-02-07T19:51:16.487318] Loading UI active
[2026-02-07T19:51:16.487456] Retrieved model_name: bert-base-uncased
[2026-02-07T19:51:16.488337] Warning: bias_threshold input missing or invalid (). Using default 0.5
[2026-02-07T19:51:16.488911] Bias model key: gusnet-bert
[2026-02-07T19:51:16.489873] Entering ThreadPoolExecutor...
[2026-02-07T19:51:16.490867] Submitting heavy_bias_compute for Model A...
[2026-02-07T19:51:16.493582] Starting heavy_bias_compute (threshold=0.5, bias_model=gusnet-bert)
[2026-02-07T19:51:16.494095] Loading attention model bert-base-uncased...
[2026-02-07T19:51:21.247042] Model loaded. Device: cuda
[2026-02-07T19:51:21.247682] Tokenizing text...
[2026-02-07T19:51:21.249926] Running encoder inference...
[2026-02-07T19:51:21.453158] Got 20 tokens, 12 layers
[2026-02-07T19:51:21.454443] Initializing GusNetDetector (model_key=gusnet-bert)...
[2026-02-07T19:51:21.454443] Running detect_bias...
[2026-02-07T19:51:23.266630] GUS-Net returned 20 labels
[2026-02-07T19:51:23.269153] 1 spans detected
[2026-02-07T19:51:23.398172] Finished heavy_bias_compute successfully
[2026-02-07T19:51:23.399289] heavy_bias_compute A returned successfully
[2026-02-07T19:51:23.399940] Starting heavy_bias_compute B (gusnet-gpt2) for Compare Models
[2026-02-07T19:51:23.401766] Starting heavy_bias_compute (threshold=0.5, bias_model=gusnet-gpt2)
[2026-02-07T19:51:23.403744] Loading attention model bert-base-uncased...
[2026-02-07T19:51:23.404265] Model loaded. Device: cuda
[2026-02-07T19:51:23.407181] Tokenizing text...
[2026-02-07T19:51:23.410301] Running encoder inference...
[2026-02-07T19:51:23.443532] Got 20 tokens, 12 layers
[2026-02-07T19:51:23.445155] Initializing GusNetDetector (model_key=gusnet-gpt2)...
[2026-02-07T19:51:23.445762] Running detect_bias...
[2026-02-07T19:51:25.428331] GUS-Net returned 17 labels
[2026-02-07T19:51:25.429532] 4 spans detected
[2026-02-07T19:51:25.496797] Finished heavy_bias_compute successfully
[2026-02-07T19:51:25.498316] Stopping loading UI
[2026-02-07T19:53:49.021825] BUTTON CLICKED: compute_bias triggered
[2026-02-07T19:53:49.022385] Input text length: 101
[2026-02-07T19:53:49.023399] Starting loading UI...
[2026-02-07T19:53:49.133550] Loading UI active
[2026-02-07T19:53:49.134567] Retrieved model_name: bert-base-uncased
[2026-02-07T19:53:49.136138] Warning: bias_threshold input missing or invalid (). Using default 0.5
[2026-02-07T19:53:49.136881] Bias model key: gusnet-bert
[2026-02-07T19:53:49.137465] Entering ThreadPoolExecutor...
[2026-02-07T19:53:49.137465] Submitting heavy_bias_compute for Model A...
[2026-02-07T19:53:49.139585] Starting heavy_bias_compute (threshold=0.5, bias_model=gusnet-bert)
[2026-02-07T19:53:49.142329] Loading attention model bert-base-uncased...
[2026-02-07T19:53:55.254504] Model loaded. Device: cuda
[2026-02-07T19:53:55.255512] Tokenizing text...
[2026-02-07T19:53:55.257295] Running encoder inference...
[2026-02-07T19:53:55.425596] Got 20 tokens, 12 layers
[2026-02-07T19:53:55.426197] Initializing GusNetDetector (model_key=gusnet-bert)...
[2026-02-07T19:53:55.426197] Running detect_bias...
[2026-02-07T19:53:57.197679] GUS-Net returned 20 labels
[2026-02-07T19:53:57.199345] 1 spans detected
[2026-02-07T19:53:57.276362] Finished heavy_bias_compute successfully
[2026-02-07T19:53:57.277969] heavy_bias_compute A returned successfully
[2026-02-07T19:53:57.278485] Starting heavy_bias_compute B (gusnet-gpt2) for Compare Models
[2026-02-07T19:53:57.279096] Starting heavy_bias_compute (threshold=0.5, bias_model=gusnet-gpt2)
[2026-02-07T19:53:57.279096] Loading attention model bert-base-uncased...
[2026-02-07T19:53:57.280822] Model loaded. Device: cuda
[2026-02-07T19:53:57.281331] Tokenizing text...
[2026-02-07T19:53:57.283584] Running encoder inference...
[2026-02-07T19:53:57.312200] Got 20 tokens, 12 layers
[2026-02-07T19:53:57.312840] Initializing GusNetDetector (model_key=gusnet-gpt2)...
[2026-02-07T19:53:57.314143] Running detect_bias...
[2026-02-07T19:53:59.306443] GUS-Net returned 17 labels
[2026-02-07T19:53:59.307923] 4 spans detected
[2026-02-07T19:53:59.372706] Finished heavy_bias_compute successfully
[2026-02-07T19:53:59.374107] Stopping loading UI
[2026-02-07T19:55:52.759429] BUTTON CLICKED: compute_bias triggered
[2026-02-07T19:55:52.759973] Input text length: 101
[2026-02-07T19:55:52.759973] Starting loading UI...
[2026-02-07T19:55:52.869424] Loading UI active
[2026-02-07T19:55:52.869960] Retrieved model_name: bert-base-uncased
[2026-02-07T19:55:52.870593] Warning: bias_threshold input missing or invalid (). Using default 0.5
[2026-02-07T19:55:52.871103] Bias model key: gusnet-bert
[2026-02-07T19:55:52.872252] Entering ThreadPoolExecutor...
[2026-02-07T19:55:52.872886] Submitting heavy_bias_compute for Model A...
[2026-02-07T19:55:52.874532] Starting heavy_bias_compute (threshold=0.5, bias_model=gusnet-bert)
[2026-02-07T19:55:52.875038] Loading attention model bert-base-uncased...
[2026-02-07T19:56:09.413009] Model loaded. Device: cuda
[2026-02-07T19:56:09.413887] Tokenizing text...
[2026-02-07T19:56:09.416578] Running encoder inference...
[2026-02-07T19:56:09.593740] Got 20 tokens, 12 layers
[2026-02-07T19:56:09.593895] Initializing GusNetDetector (model_key=gusnet-bert)...
[2026-02-07T19:56:09.594749] Running detect_bias...
[2026-02-07T19:56:11.523426] GUS-Net returned 20 labels
[2026-02-07T19:56:11.524668] 1 spans detected
[2026-02-07T19:56:11.585152] Finished heavy_bias_compute successfully
[2026-02-07T19:56:11.586816] heavy_bias_compute A returned successfully
[2026-02-07T19:56:11.587327] Stopping loading UI
[2026-02-07T19:57:41.766516] BUTTON CLICKED: compute_bias triggered
[2026-02-07T19:57:41.767028] Input text length: 101
[2026-02-07T19:57:41.768040] Starting loading UI...
[2026-02-07T19:57:41.856082] Loading UI active
[2026-02-07T19:57:41.857080] Retrieved model_name: bert-base-uncased
[2026-02-07T19:57:41.858082] Warning: bias_threshold input missing or invalid (). Using default 0.5
[2026-02-07T19:57:41.858082] Bias model key: gusnet-bert
[2026-02-07T19:57:41.860171] Entering ThreadPoolExecutor...
[2026-02-07T19:57:41.860686] Submitting heavy_bias_compute for Model A...
[2026-02-07T19:57:41.873456] Starting heavy_bias_compute (threshold=0.5, bias_model=gusnet-bert)
[2026-02-07T19:57:41.874475] Loading attention model bert-base-uncased...
[2026-02-07T19:57:47.952325] Model loaded. Device: cuda
[2026-02-07T19:57:47.953278] Tokenizing text...
[2026-02-07T19:57:47.962241] Running encoder inference...
[2026-02-07T19:57:48.361493] Got 20 tokens, 12 layers
[2026-02-07T19:57:48.362158] Initializing GusNetDetector (model_key=gusnet-bert)...
[2026-02-07T19:57:48.362794] Running detect_bias...
[2026-02-07T19:57:50.981827] GUS-Net returned 20 labels
[2026-02-07T19:57:50.983652] 1 spans detected
[2026-02-07T19:57:51.041666] Finished heavy_bias_compute successfully
[2026-02-07T19:57:51.043488] heavy_bias_compute A returned successfully
[2026-02-07T19:57:51.044086] Starting heavy_bias_compute B (gusnet-gpt2) for Compare Models
[2026-02-07T19:57:51.044086] Starting heavy_bias_compute (threshold=0.5, bias_model=gusnet-gpt2)
[2026-02-07T19:57:51.045096] Loading attention model bert-base-uncased...
[2026-02-07T19:57:51.045704] Model loaded. Device: cuda
[2026-02-07T19:57:51.046404] Tokenizing text...
[2026-02-07T19:57:51.047492] Running encoder inference...
[2026-02-07T19:57:51.079863] Got 20 tokens, 12 layers
[2026-02-07T19:57:51.080873] Initializing GusNetDetector (model_key=gusnet-gpt2)...
[2026-02-07T19:57:51.081752] Running detect_bias...
[2026-02-07T19:57:53.634288] GUS-Net returned 17 labels
[2026-02-07T19:57:53.636055] 4 spans detected
[2026-02-07T19:57:53.683448] Finished heavy_bias_compute successfully
[2026-02-07T19:57:53.685195] Stopping loading UI
[2026-02-07T19:59:58.362722] BUTTON CLICKED: compute_bias triggered
[2026-02-07T19:59:58.364544] Input text length: 101
[2026-02-07T19:59:58.365482] Starting loading UI...
[2026-02-07T19:59:58.473822] Loading UI active
[2026-02-07T19:59:58.474674] Retrieved model_name: bert-base-uncased
[2026-02-07T19:59:58.475691] Warning: bias_threshold input missing or invalid (). Using default 0.5
[2026-02-07T19:59:58.476246] Bias model key: gusnet-bert
[2026-02-07T19:59:58.476913] Entering ThreadPoolExecutor...
[2026-02-07T19:59:58.477522] Submitting heavy_bias_compute for Model A...
[2026-02-07T19:59:58.479903] Starting heavy_bias_compute (threshold=0.5, bias_model=gusnet-bert)
[2026-02-07T19:59:58.480901] Loading attention model bert-base-uncased...
[2026-02-07T20:00:03.608144] Model loaded. Device: cuda
[2026-02-07T20:00:03.609155] Tokenizing text...
[2026-02-07T20:00:03.611724] Running encoder inference...
[2026-02-07T20:00:03.815525] Got 20 tokens, 12 layers
[2026-02-07T20:00:03.816155] Initializing GusNetDetector (model_key=gusnet-bert)...
[2026-02-07T20:00:03.816667] Running detect_bias...
[2026-02-07T20:00:06.078742] GUS-Net returned 20 labels
[2026-02-07T20:00:06.079995] 1 spans detected
[2026-02-07T20:00:06.140436] Finished heavy_bias_compute successfully
[2026-02-07T20:00:06.141541] heavy_bias_compute A returned successfully
[2026-02-07T20:00:06.142557] Starting heavy_bias_compute B (gusnet-gpt2) for Compare Models
[2026-02-07T20:00:06.143161] Starting heavy_bias_compute (threshold=0.5, bias_model=gusnet-gpt2)
[2026-02-07T20:00:06.143860] Loading attention model bert-base-uncased...
[2026-02-07T20:00:06.145190] Model loaded. Device: cuda
[2026-02-07T20:00:06.145783] Tokenizing text...
[2026-02-07T20:00:06.147206] Running encoder inference...
[2026-02-07T20:00:06.170064] Got 20 tokens, 12 layers
[2026-02-07T20:00:06.170574] Initializing GusNetDetector (model_key=gusnet-gpt2)...
[2026-02-07T20:00:06.170574] Running detect_bias...
[2026-02-07T20:00:08.241982] GUS-Net returned 17 labels
[2026-02-07T20:00:08.243159] 4 spans detected
[2026-02-07T20:00:08.310473] Finished heavy_bias_compute successfully
[2026-02-07T20:00:08.311805] Stopping loading UI
[2026-02-07T20:02:36.593705] BUTTON CLICKED: compute_bias triggered
[2026-02-07T20:02:36.595300] Input text length: 101
[2026-02-07T20:02:36.595987] Starting loading UI...
[2026-02-07T20:02:36.690516] Loading UI active
[2026-02-07T20:02:36.690516] Retrieved model_name: bert-base-uncased
[2026-02-07T20:02:36.691527] Warning: bias_threshold input missing or invalid (). Using default 0.5
[2026-02-07T20:02:36.691527] Bias model key: gusnet-bert
[2026-02-07T20:02:36.692765] Entering ThreadPoolExecutor...
[2026-02-07T20:02:36.693383] Submitting heavy_bias_compute for Model A...
[2026-02-07T20:02:36.696819] Starting heavy_bias_compute (threshold=0.5, bias_model=gusnet-bert)
[2026-02-07T20:02:36.697335] Loading attention model bert-base-uncased...
[2026-02-07T20:02:42.607257] Model loaded. Device: cuda
[2026-02-07T20:02:42.608275] Tokenizing text...
[2026-02-07T20:02:42.609879] Running encoder inference...
[2026-02-07T20:02:42.803162] Got 20 tokens, 12 layers
[2026-02-07T20:02:42.804193] Initializing GusNetDetector (model_key=gusnet-bert)...
[2026-02-07T20:02:42.804798] Running detect_bias...
[2026-02-07T20:02:44.940789] GUS-Net returned 20 labels
[2026-02-07T20:02:44.941723] 1 spans detected
[2026-02-07T20:02:45.031804] Finished heavy_bias_compute successfully
[2026-02-07T20:02:45.033941] heavy_bias_compute A returned successfully
[2026-02-07T20:02:45.034561] Starting heavy_bias_compute B (gusnet-gpt2) for Compare Models
[2026-02-07T20:02:45.035279] Starting heavy_bias_compute (threshold=0.5, bias_model=gusnet-gpt2)
[2026-02-07T20:02:45.035901] Loading attention model bert-base-uncased...
[2026-02-07T20:02:45.036501] Model loaded. Device: cuda
[2026-02-07T20:02:45.036501] Tokenizing text...
[2026-02-07T20:02:45.039087] Running encoder inference...
[2026-02-07T20:02:45.077342] Got 20 tokens, 12 layers
[2026-02-07T20:02:45.078358] Initializing GusNetDetector (model_key=gusnet-gpt2)...
[2026-02-07T20:02:45.079808] Running detect_bias...
[2026-02-07T20:02:47.468483] GUS-Net returned 17 labels
[2026-02-07T20:02:47.469688] 4 spans detected
[2026-02-07T20:02:47.573280] Finished heavy_bias_compute successfully
[2026-02-07T20:02:47.574552] Stopping loading UI
[2026-02-07T20:04:45.676233] BUTTON CLICKED: compute_bias triggered
[2026-02-07T20:04:45.676233] Input text length: 101
[2026-02-07T20:04:45.677856] Starting loading UI...
[2026-02-07T20:04:45.785986] Loading UI active
[2026-02-07T20:04:45.786578] Retrieved model_name: bert-base-uncased
[2026-02-07T20:04:45.787619] Warning: bias_threshold input missing or invalid (). Using default 0.5
[2026-02-07T20:04:45.787711] Bias model key: gusnet-bert
[2026-02-07T20:04:45.787711] Entering ThreadPoolExecutor...
[2026-02-07T20:04:45.788794] Submitting heavy_bias_compute for Model A...
[2026-02-07T20:04:45.792858] Starting heavy_bias_compute (threshold=0.5, bias_model=gusnet-bert)
[2026-02-07T20:04:45.793950] Loading attention model bert-base-uncased...
[2026-02-07T20:04:50.285965] Model loaded. Device: cuda
[2026-02-07T20:04:50.286470] Tokenizing text...
[2026-02-07T20:04:50.287687] Running encoder inference...
[2026-02-07T20:04:50.458061] Got 20 tokens, 12 layers
[2026-02-07T20:04:50.458646] Initializing GusNetDetector (model_key=gusnet-bert)...
[2026-02-07T20:04:50.459895] Running detect_bias...
[2026-02-07T20:04:52.304955] GUS-Net returned 20 labels
[2026-02-07T20:04:52.306150] 1 spans detected
[2026-02-07T20:04:52.363968] Finished heavy_bias_compute successfully
[2026-02-07T20:04:52.364473] heavy_bias_compute A returned successfully
[2026-02-07T20:04:52.364473] Starting heavy_bias_compute B (gusnet-gpt2) for Compare Models
[2026-02-07T20:04:52.365937] Starting heavy_bias_compute (threshold=0.5, bias_model=gusnet-gpt2)
[2026-02-07T20:04:52.366551] Loading attention model bert-base-uncased...
[2026-02-07T20:04:52.366551] Model loaded. Device: cuda
[2026-02-07T20:04:52.368076] Tokenizing text...
[2026-02-07T20:04:52.369595] Running encoder inference...
[2026-02-07T20:04:52.391734] Got 20 tokens, 12 layers
[2026-02-07T20:04:52.392246] Initializing GusNetDetector (model_key=gusnet-gpt2)...
[2026-02-07T20:04:52.392859] Running detect_bias...
[2026-02-07T20:04:56.093632] GUS-Net returned 17 labels
[2026-02-07T20:04:56.095965] 4 spans detected
[2026-02-07T20:04:56.239474] Finished heavy_bias_compute successfully
[2026-02-07T20:04:56.241806] Stopping loading UI
[2026-02-07T20:07:06.017160] BUTTON CLICKED: compute_bias triggered
[2026-02-07T20:07:06.017160] Input text length: 101
[2026-02-07T20:07:06.018167] Starting loading UI...
[2026-02-07T20:07:06.111337] Loading UI active
[2026-02-07T20:07:06.112009] Retrieved model_name: bert-base-uncased
[2026-02-07T20:07:06.112009] Warning: bias_threshold input missing or invalid (). Using default 0.5
[2026-02-07T20:07:06.113023] Bias model key: gusnet-bert
[2026-02-07T20:07:06.113572] Entering ThreadPoolExecutor...
[2026-02-07T20:07:06.114209] Submitting heavy_bias_compute for Model A...
[2026-02-07T20:07:06.116933] Starting heavy_bias_compute (threshold=0.5, bias_model=gusnet-bert)
[2026-02-07T20:07:06.118380] Loading attention model bert-base-uncased...
[2026-02-07T20:07:11.249709] Model loaded. Device: cuda
[2026-02-07T20:07:11.250334] Tokenizing text...
[2026-02-07T20:07:11.251862] Running encoder inference...
[2026-02-07T20:07:11.408892] Got 20 tokens, 12 layers
[2026-02-07T20:07:11.409504] Initializing GusNetDetector (model_key=gusnet-bert)...
[2026-02-07T20:07:11.410647] Running detect_bias...
[2026-02-07T20:07:13.374624] GUS-Net returned 20 labels
[2026-02-07T20:07:13.374624] 1 spans detected
[2026-02-07T20:07:13.435207] Finished heavy_bias_compute successfully
[2026-02-07T20:07:13.436286] heavy_bias_compute A returned successfully
[2026-02-07T20:07:13.436286] Starting heavy_bias_compute B (gusnet-gpt2) for Compare Models
[2026-02-07T20:07:13.437299] Starting heavy_bias_compute (threshold=0.5, bias_model=gusnet-gpt2)
[2026-02-07T20:07:13.437299] Loading attention model bert-base-uncased...
[2026-02-07T20:07:13.438903] Model loaded. Device: cuda
[2026-02-07T20:07:13.439517] Tokenizing text...
[2026-02-07T20:07:13.440447] Running encoder inference...
[2026-02-07T20:07:13.462148] Got 20 tokens, 12 layers
[2026-02-07T20:07:13.462766] Initializing GusNetDetector (model_key=gusnet-gpt2)...
[2026-02-07T20:07:13.463988] Running detect_bias...
[2026-02-07T20:07:15.528218] GUS-Net returned 17 labels
[2026-02-07T20:07:15.529741] 4 spans detected
[2026-02-07T20:07:15.600471] Finished heavy_bias_compute successfully
[2026-02-07T20:07:15.602188] Stopping loading UI
[2026-02-07T20:10:37.181180] BUTTON CLICKED: compute_bias triggered
[2026-02-07T20:10:37.183414] Input text length: 101
[2026-02-07T20:10:37.184429] Starting loading UI...
[2026-02-07T20:10:37.286434] Loading UI active
[2026-02-07T20:10:37.287368] Retrieved model_name: bert-base-uncased
[2026-02-07T20:10:37.287877] Warning: bias_threshold input missing or invalid (). Using default 0.5
[2026-02-07T20:10:37.288938] Bias model key: gusnet-bert
[2026-02-07T20:10:37.289693] Entering ThreadPoolExecutor...
[2026-02-07T20:10:37.290701] Submitting heavy_bias_compute for Model A...
[2026-02-07T20:10:37.298166] Starting heavy_bias_compute (threshold=0.5, bias_model=gusnet-bert)
[2026-02-07T20:10:37.299164] Loading attention model bert-base-uncased...
[2026-02-07T20:10:43.002239] Model loaded. Device: cuda
[2026-02-07T20:10:43.003110] Tokenizing text...
[2026-02-07T20:10:43.004930] Running encoder inference...
[2026-02-07T20:10:43.205617] Got 20 tokens, 12 layers
[2026-02-07T20:10:43.206714] Initializing GusNetDetector (model_key=gusnet-bert)...
[2026-02-07T20:10:43.207352] Running detect_bias...
[2026-02-07T20:10:45.016701] GUS-Net returned 20 labels
[2026-02-07T20:10:45.018322] 1 spans detected
[2026-02-07T20:10:45.079727] Finished heavy_bias_compute successfully
[2026-02-07T20:10:45.081182] heavy_bias_compute A returned successfully
[2026-02-07T20:10:45.081715] Starting heavy_bias_compute B (gusnet-gpt2) for Compare Models
[2026-02-07T20:10:45.082312] Starting heavy_bias_compute (threshold=0.5, bias_model=gusnet-gpt2)
[2026-02-07T20:10:45.082911] Loading attention model bert-base-uncased...
[2026-02-07T20:10:45.083434] Model loaded. Device: cuda
[2026-02-07T20:10:45.084691] Tokenizing text...
[2026-02-07T20:10:45.086358] Running encoder inference...
[2026-02-07T20:10:45.113859] Got 20 tokens, 12 layers
[2026-02-07T20:10:45.114625] Initializing GusNetDetector (model_key=gusnet-gpt2)...
[2026-02-07T20:10:45.115538] Running detect_bias...
[2026-02-07T20:10:47.090695] GUS-Net returned 17 labels
[2026-02-07T20:10:47.091707] 4 spans detected
[2026-02-07T20:10:47.158372] Finished heavy_bias_compute successfully
[2026-02-07T20:10:47.159556] Stopping loading UI
